============<<<Semantic Error:test>>>============
test.cs(55,19): error CS0246: The type or namespace name 'MonoBehaviour' could not be found (are you missing a using directive or an assembly reference?)
test.cs(665,52): error CS0246: The type or namespace name 'Transform' could not be found (are you missing a using directive or an assembly reference?)
test.cs(665,16): error CS0246: The type or namespace name 'Transform' could not be found (are you missing a using directive or an assembly reference?)
test.cs(692,57): error CS0246: The type or namespace name 'Transform' could not be found (are you missing a using directive or an assembly reference?)
test.cs(692,19): error CS0246: The type or namespace name 'Transform' could not be found (are you missing a using directive or an assembly reference?)
test.cs(129,72): error CS0246: The type or namespace name 'Transform' could not be found (are you missing a using directive or an assembly reference?)
test.cs(147,59): error CS0246: The type or namespace name 'Transform' could not be found (are you missing a using directive or an assembly reference?)
test.cs(583,48): error CS0246: The type or namespace name 'GameObject' could not be found (are you missing a using directive or an assembly reference?)
test.cs(6,7): error CS0246: The type or namespace name 'UnityEngine' could not be found (are you missing a using directive or an assembly reference?)
test.cs(127,35): error CS0246: The type or namespace name 'Component' could not be found (are you missing a using directive or an assembly reference?)
test.cs(147,88): error CS0246: The type or namespace name 'Component' could not be found (are you missing a using directive or an assembly reference?)
test.cs(129,101): error CS0246: The type or namespace name 'Component' could not be found (are you missing a using directive or an assembly reference?)
test.cs(131,13): error CS0246: The type or namespace name 'GameObject' could not be found (are you missing a using directive or an assembly reference?)
test.cs(131,35): error CS0246: The type or namespace name 'GameObject' could not be found (are you missing a using directive or an assembly reference?)
test.cs(143,17): error CS0103: The name 'Debug' does not exist in the current context
test.cs(145,20): error CS0403: Cannot convert null to type parameter 'T' because it could be a non-nullable value type. Consider using 'default(T)' instead.
test.cs(149,13): error CS0246: The type or namespace name 'GameObject' could not be found (are you missing a using directive or an assembly reference?)
test.cs(149,35): error CS0246: The type or namespace name 'GameObject' could not be found (are you missing a using directive or an assembly reference?)
test.cs(161,17): error CS0103: The name 'Debug' does not exist in the current context
test.cs(163,20): error CS0403: Cannot convert null to type parameter 'T' because it could be a non-nullable value type. Consider using 'default(T)' instead.
test.cs(279,17): error CS0103: The name 'Debug' does not exist in the current context
test.cs(467,34): error CS0246: The type or namespace name 'UnityEngine' could not be found (are you missing a using directive or an assembly reference?)
test.cs(607,31): error CS0246: The type or namespace name 'GameObject' could not be found (are you missing a using directive or an assembly reference?)
test.cs(312,21): error CS0023: Operator '--' cannot be applied to operand of type 'Foo'
test.cs(313,21): error CS0023: Operator '--' cannot be applied to operand of type 'Foo'
test.cs(314,60): error CS0023: Operator '--' cannot be applied to operand of type 'Foo'
test.cs(314,75): error CS0023: Operator '--' cannot be applied to operand of type 'Foo'
test.cs(667,3): error CS0246: The type or namespace name 'Transform' could not be found (are you missing a using directive or an assembly reference?)
test.cs(704,17): error CS0246: The type or namespace name 'Transform' could not be found (are you missing a using directive or an assembly reference?)
test.cs(705,17): error CS0246: The type or namespace name 'Transform' could not be found (are you missing a using directive or an assembly reference?)
test.cs(716,26): error CS0103: The name 'PlayerPrefs' does not exist in the current context
test.cs(525,17): error CS0177: The out parameter 'v' must be assigned to before control leaves the current method
test.cs(64,17): error CS0103: The name 'gameObject' does not exist in the current context
test.cs(64,41): error CS0246: The type or namespace name 'Transform' could not be found (are you missing a using directive or an assembly reference?)
test.cs(65,9): error CS0103: The name 'gameObject' does not exist in the current context
test.cs(66,17): error CS0103: The name 'gameObject' does not exist in the current context
test.cs(66,41): error CS0246: The type or namespace name 'Renderer' could not be found (are you missing a using directive or an assembly reference?)
test.cs(67,9): error CS0103: The name 'gameObject' does not exist in the current context
